<?xml version="1.0" encoding="UTF-8"?>
<!-- Generated by org.testng.reporters.JUnitReportReporter -->
<testsuite skipped="0" hostname="BLR1-LHP-N03115" name="MavenPractiseProject.NewTest" tests="3" failures="0" timestamp="01 Feb 2019 07:16:25 GMT" time="27.115" errors="0">
  <testcase name="executSessionOne" time="12.093" classname="MavenPractiseProject.NewTest"/>
  <testcase name="f" time="0.020" classname="MavenPractiseProject.NewTest"/>
  <testcase name="executSessionThree" time="15.002" classname="MavenPractiseProject.NewTest"/>
</testsuite> <!-- MavenPractiseProject.NewTest -->
